INFO 2025-11-02 19:09:22,753 autoreload Watching for file changes with StatReloader
WARNING 2025-11-02 19:09:27,865 log Not Found: /
WARNING 2025-11-02 19:09:27,866 basehttp "GET / HTTP/1.1" 404 6144
WARNING 2025-11-02 19:09:27,999 log Not Found: /favicon.ico
WARNING 2025-11-02 19:09:28,000 basehttp "GET /favicon.ico HTTP/1.1" 404 6195
INFO 2025-11-02 19:09:31,998 basehttp "GET /admin HTTP/1.1" 301 0
INFO 2025-11-02 19:09:32,037 basehttp "GET /admin/ HTTP/1.1" 302 0
INFO 2025-11-02 19:09:32,061 basehttp "GET /admin/login/?next=/admin/ HTTP/1.1" 200 4173
INFO 2025-11-02 19:09:32,181 basehttp "GET /static/admin/css/base.css HTTP/1.1" 200 22120
INFO 2025-11-02 19:09:32,182 basehttp "GET /static/admin/css/dark_mode.css HTTP/1.1" 200 2808
INFO 2025-11-02 19:09:32,189 basehttp "GET /static/admin/css/login.css HTTP/1.1" 200 951
INFO 2025-11-02 19:09:32,190 basehttp "GET /static/admin/css/nav_sidebar.css HTTP/1.1" 200 2810
INFO 2025-11-02 19:09:32,191 basehttp "GET /static/admin/js/theme.js HTTP/1.1" 200 1653
INFO 2025-11-02 19:09:32,191 basehttp "GET /static/admin/css/responsive.css HTTP/1.1" 200 16565
INFO 2025-11-02 19:09:32,197 basehttp "GET /static/admin/js/nav_sidebar.js HTTP/1.1" 200 3063
INFO 2025-11-02 19:09:37,395 basehttp "POST /admin/login/?next=/admin/ HTTP/1.1" 302 0
INFO 2025-11-02 19:09:37,416 basehttp "GET /admin/ HTTP/1.1" 200 26879
INFO 2025-11-02 19:09:37,425 basehttp "GET /static/admin/css/dashboard.css HTTP/1.1" 200 441
INFO 2025-11-02 19:09:37,433 basehttp "GET /static/admin/img/icon-addlink.svg HTTP/1.1" 200 331
INFO 2025-11-02 19:09:37,434 basehttp "GET /static/admin/img/icon-deletelink.svg HTTP/1.1" 200 392
INFO 2025-11-02 19:09:37,435 basehttp "GET /static/admin/img/icon-changelink.svg HTTP/1.1" 200 380
INFO 2025-11-02 19:09:43,994 basehttp "GET /about HTTP/1.1" 301 0
INFO 2025-11-02 19:09:44,020 basehttp "GET /about/ HTTP/1.1" 200 2923
INFO 2025-11-02 19:09:44,105 basehttp "GET /static/css/styles.css HTTP/1.1" 200 236765
INFO 2025-11-02 19:09:45,666 basehttp "GET /partners/ HTTP/1.1" 200 2888
INFO 2025-11-02 19:09:46,178 basehttp "GET /posts/ HTTP/1.1" 200 12285
INFO 2025-11-02 19:09:46,836 basehttp "GET /sign/ HTTP/1.1" 200 9391
INFO 2025-11-02 19:09:48,746 basehttp "GET /contacts/ HTTP/1.1" 200 2890
INFO 2025-11-02 19:09:49,221 basehttp "GET /partners/ HTTP/1.1" 200 2888
INFO 2025-11-02 19:09:49,634 basehttp "GET /sign/ HTTP/1.1" 200 9391
INFO 2025-11-02 19:20:16,091 basehttp "GET /sign/ HTTP/1.1" 200 9391
INFO 2025-11-02 19:20:17,333 basehttp "GET /sign/ HTTP/1.1" 200 9391
INFO 2025-11-02 19:28:51,235 autoreload C:\Users\ִלטענטי\PycharmProjects\django_project_skill\project\sign\apps.py changed, reloading.
INFO 2025-11-02 19:28:52,132 autoreload Watching for file changes with StatReloader
INFO 2025-11-02 19:29:09,334 autoreload Watching for file changes with StatReloader
INFO 2025-11-02 19:41:40,619 autoreload Watching for file changes with StatReloader
INFO 2025-11-02 19:54:42,585 autoreload C:\Users\ִלטענטי\PycharmProjects\django_project_skill\project\project\settings.py changed, reloading.
INFO 2025-11-02 19:54:43,491 autoreload Watching for file changes with StatReloader
INFO 2025-11-02 19:55:24,775 autoreload Watching for file changes with StatReloader
INFO 2025-11-02 19:59:50,912 autoreload C:\Users\ִלטענטי\PycharmProjects\django_project_skill\project\project\settings.py changed, reloading.
INFO 2025-11-02 19:59:51,759 autoreload Watching for file changes with StatReloader
INFO 2025-11-02 20:00:34,473 autoreload Watching for file changes with StatReloader
INFO 2025-11-02 20:13:02,298 autoreload Watching for file changes with StatReloader
WARNING 2025-11-02 20:13:03,924 log Not Found: /
WARNING 2025-11-02 20:13:03,924 basehttp "GET / HTTP/1.1" 404 6144
WARNING 2025-11-02 20:13:09,707 log Not Found: /celery-monitor/
WARNING 2025-11-02 20:13:09,708 basehttp "GET /celery-monitor/ HTTP/1.1" 404 6207
INFO 2025-11-02 20:22:28,154 autoreload C:\Users\ִלטענטי\PycharmProjects\django_project_skill\project\sign\tasks.py changed, reloading.
INFO 2025-11-02 20:22:29,171 autoreload Watching for file changes with StatReloader
INFO 2025-11-02 20:35:42,610 autoreload Watching for file changes with StatReloader
WARNING 2025-11-02 20:35:48,381 log Not Found: /celery-monitor/
WARNING 2025-11-02 20:35:48,382 basehttp "GET /celery-monitor/ HTTP/1.1" 404 6207
WARNING 2025-11-02 20:35:55,632 log Not Found: /celery-monitor/
WARNING 2025-11-02 20:35:55,633 basehttp "GET /celery-monitor/ HTTP/1.1" 404 6207
WARNING 2025-11-02 20:35:56,143 log Not Found: /celery-monitor/
WARNING 2025-11-02 20:35:56,144 basehttp "GET /celery-monitor/ HTTP/1.1" 404 6207
WARNING 2025-11-02 20:40:16,451 log Not Found: /
WARNING 2025-11-02 20:40:16,452 basehttp "GET / HTTP/1.1" 404 6144
INFO 2025-11-02 20:42:54,692 autoreload C:\Users\ִלטענטי\PycharmProjects\django_project_skill\project\News_portal\signals.py changed, reloading.
INFO 2025-11-02 20:42:55,845 autoreload Watching for file changes with StatReloader
INFO 2025-11-02 20:43:31,105 autoreload C:\Users\ִלטענטי\PycharmProjects\django_project_skill\project\sign\tasks.py changed, reloading.
INFO 2025-11-02 20:43:31,792 autoreload Watching for file changes with StatReloader
INFO 2025-11-02 20:45:29,605 autoreload Watching for file changes with StatReloader
INFO 2025-11-02 20:46:38,466 autoreload C:\Users\ִלטענטי\PycharmProjects\django_project_skill\project\sign\tasks.py changed, reloading.
INFO 2025-11-02 20:46:39,403 autoreload Watching for file changes with StatReloader
INFO 2025-11-02 20:48:30,117 autoreload C:\Users\ִלטענטי\PycharmProjects\django_project_skill\project\News_portal\apps.py changed, reloading.
INFO 2025-11-02 20:48:31,080 autoreload Watching for file changes with StatReloader
INFO 2025-11-02 20:51:14,712 autoreload C:\Users\ִלטענטי\PycharmProjects\django_project_skill\project\sign\tasks.py changed, reloading.
INFO 2025-11-02 20:51:15,540 autoreload Watching for file changes with StatReloader
INFO 2025-11-02 20:53:09,402 autoreload C:\Users\ִלטענטי\PycharmProjects\django_project_skill\project\sign\tasks.py changed, reloading.
INFO 2025-11-02 20:53:10,425 autoreload Watching for file changes with StatReloader
INFO 2025-11-02 20:56:02,428 autoreload C:\Users\ִלטענטי\PycharmProjects\django_project_skill\project\sign\apps.py changed, reloading.
INFO 2025-11-02 20:56:03,266 autoreload Watching for file changes with StatReloader
INFO 2025-11-02 20:57:14,300 autoreload C:\Users\ִלטענטי\PycharmProjects\django_project_skill\project\News_portal\apps.py changed, reloading.
INFO 2025-11-02 20:57:15,191 autoreload Watching for file changes with StatReloader
INFO 2025-11-02 21:05:47,932 autoreload C:\Users\ִלטענטי\PycharmProjects\django_project_skill\project\News_portal\signals.py changed, reloading.
INFO 2025-11-02 21:05:48,901 autoreload Watching for file changes with StatReloader
INFO 2025-11-02 21:06:54,866 autoreload C:\Users\ִלטענטי\PycharmProjects\django_project_skill\project\News_portal\signals.py changed, reloading.
INFO 2025-11-02 21:06:55,840 autoreload Watching for file changes with StatReloader
INFO 2025-11-02 21:07:30,429 autoreload Watching for file changes with StatReloader
INFO 2025-11-02 21:08:41,295 basehttp "GET /about/ HTTP/1.1" 200 2907
INFO 2025-11-02 21:08:42,853 basehttp "GET /accounts/login/ HTTP/1.1" 200 4312
WARNING 2025-11-02 21:08:42,864 basehttp "GET /static/images/google-icon.png HTTP/1.1" 404 1880
INFO 2025-11-02 21:08:45,930 basehttp "POST /accounts/login/ HTTP/1.1" 302 0
INFO 2025-11-02 21:08:45,941 basehttp "GET /sign/ HTTP/1.1" 200 9391
INFO 2025-11-02 21:08:47,275 basehttp "GET /posts/create/ HTTP/1.1" 200 6204
INFO 2025-11-02 21:09:15,483 basehttp "POST /posts/create/ HTTP/1.1" 302 0
INFO 2025-11-02 21:09:15,491 basehttp "GET /sign/ HTTP/1.1" 200 9391
INFO 2025-11-02 21:12:15,292 basehttp "POST /accounts/logout/ HTTP/1.1" 302 0
INFO 2025-11-02 21:12:15,300 basehttp "GET /accounts/login/ HTTP/1.1" 200 4312
WARNING 2025-11-02 21:12:15,310 basehttp "GET /static/images/google-icon.png HTTP/1.1" 404 1880
INFO 2025-11-02 21:12:20,208 basehttp "GET /accounts/signup/ HTTP/1.1" 200 4315
WARNING 2025-11-02 21:12:20,220 basehttp "GET /static/images/google-icon.png HTTP/1.1" 404 1880
INFO 2025-11-02 21:12:57,076 basehttp "POST /accounts/signup/ HTTP/1.1" 200 4315
WARNING 2025-11-02 21:12:57,086 basehttp "GET /static/images/google-icon.png HTTP/1.1" 404 1880
INFO 2025-11-02 21:12:59,833 basehttp "GET /accounts/login/ HTTP/1.1" 200 4312
WARNING 2025-11-02 21:12:59,844 basehttp "GET /static/images/google-icon.png HTTP/1.1" 404 1880
INFO 2025-11-02 21:13:05,012 basehttp "GET /accounts/signup/ HTTP/1.1" 200 4315
WARNING 2025-11-02 21:13:05,027 basehttp "GET /static/images/google-icon.png HTTP/1.1" 404 1880
INFO 2025-11-02 21:13:14,324 basehttp "POST /accounts/signup/ HTTP/1.1" 200 4315
WARNING 2025-11-02 21:13:14,337 basehttp "GET /static/images/google-icon.png HTTP/1.1" 404 1880
INFO 2025-11-02 21:13:54,092 basehttp "GET /admin/ HTTP/1.1" 302 0
INFO 2025-11-02 21:13:54,113 basehttp "GET /admin/login/?next=/admin/ HTTP/1.1" 200 4385
INFO 2025-11-02 21:13:54,186 basehttp "GET /static/admin/img/icon-yes.svg HTTP/1.1" 200 436
INFO 2025-11-02 21:13:57,525 basehttp "POST /admin/login/?next=/admin/ HTTP/1.1" 302 0
INFO 2025-11-02 21:13:57,545 basehttp "GET /admin/ HTTP/1.1" 200 26879
INFO 2025-11-02 21:14:34,099 basehttp "GET /admin/auth/user/ HTTP/1.1" 200 32935
INFO 2025-11-02 21:14:34,115 basehttp "GET /static/admin/css/changelists.css HTTP/1.1" 200 6878
INFO 2025-11-02 21:14:34,115 basehttp "GET /static/admin/js/core.js HTTP/1.1" 200 6208
INFO 2025-11-02 21:14:34,115 basehttp "GET /static/admin/js/jquery.init.js HTTP/1.1" 200 347
INFO 2025-11-02 21:14:34,124 basehttp "GET /admin/jsi18n/ HTTP/1.1" 200 3342
INFO 2025-11-02 21:14:34,125 basehttp "GET /static/admin/js/admin/RelatedObjectLookups.js HTTP/1.1" 200 9777
INFO 2025-11-02 21:14:34,127 basehttp "GET /static/admin/js/prepopulate.js HTTP/1.1" 200 1531
INFO 2025-11-02 21:14:34,129 basehttp "GET /static/admin/js/actions.js HTTP/1.1" 200 8076
INFO 2025-11-02 21:14:34,129 basehttp "GET /static/admin/js/urlify.js HTTP/1.1" 200 7887
INFO 2025-11-02 21:14:34,131 basehttp "GET /static/admin/img/icon-no.svg HTTP/1.1" 200 560
INFO 2025-11-02 21:14:34,133 basehttp "GET /static/admin/img/search.svg HTTP/1.1" 200 458
INFO 2025-11-02 21:14:34,134 basehttp "GET /static/admin/js/vendor/jquery/jquery.js HTTP/1.1" 200 285314
INFO 2025-11-02 21:14:34,138 basehttp "GET /static/admin/js/vendor/xregexp/xregexp.js HTTP/1.1" 200 325171
INFO 2025-11-02 21:14:34,160 basehttp "GET /static/admin/js/filters.js HTTP/1.1" 200 978
INFO 2025-11-02 21:14:34,177 basehttp "GET /static/admin/img/icon-viewlink.svg HTTP/1.1" 200 581
INFO 2025-11-02 21:14:34,177 basehttp "GET /static/admin/img/tooltag-add.svg HTTP/1.1" 200 331
INFO 2025-11-02 21:14:34,177 basehttp "GET /static/admin/img/sorting-icons.svg HTTP/1.1" 200 1097
INFO 2025-11-02 21:15:00,634 basehttp "GET /admin/auth/user/ HTTP/1.1" 200 32935
INFO 2025-11-02 21:15:11,905 basehttp "GET /about/ HTTP/1.1" 200 2923
INFO 2025-11-02 21:15:12,910 basehttp "GET /sign/ HTTP/1.1" 200 9391
INFO 2025-11-02 21:15:14,051 basehttp "POST /accounts/logout/ HTTP/1.1" 302 0
INFO 2025-11-02 21:15:14,058 basehttp "GET /accounts/login/ HTTP/1.1" 200 4312
WARNING 2025-11-02 21:15:14,069 basehttp "GET /static/images/google-icon.png HTTP/1.1" 404 1880
INFO 2025-11-02 21:15:16,143 basehttp "GET /accounts/signup/ HTTP/1.1" 200 4315
WARNING 2025-11-02 21:15:16,154 basehttp "GET /static/images/google-icon.png HTTP/1.1" 404 1880
INFO 2025-11-02 21:15:47,247 basehttp "POST /accounts/signup/ HTTP/1.1" 200 4315
WARNING 2025-11-02 21:15:47,261 basehttp "GET /static/images/google-icon.png HTTP/1.1" 404 1880
INFO 2025-11-02 21:15:49,434 basehttp "GET /accounts/login/ HTTP/1.1" 200 4312
WARNING 2025-11-02 21:15:49,445 basehttp "GET /static/images/google-icon.png HTTP/1.1" 404 1880
INFO 2025-11-02 21:15:52,486 basehttp "GET /accounts/signup/ HTTP/1.1" 200 4315
WARNING 2025-11-02 21:15:52,498 basehttp "GET /static/images/google-icon.png HTTP/1.1" 404 1880
INFO 2025-11-02 21:15:53,906 basehttp "GET /accounts/login/ HTTP/1.1" 200 4312
WARNING 2025-11-02 21:15:53,916 basehttp "GET /static/images/google-icon.png HTTP/1.1" 404 1880
INFO 2025-11-02 21:15:58,685 basehttp "POST /accounts/login/ HTTP/1.1" 200 4437
WARNING 2025-11-02 21:15:58,694 basehttp "GET /static/images/google-icon.png HTTP/1.1" 404 1880
INFO 2025-11-02 21:16:02,162 basehttp "GET /accounts/signup/ HTTP/1.1" 200 4315
WARNING 2025-11-02 21:16:02,173 basehttp "GET /static/images/google-icon.png HTTP/1.1" 404 1880
INFO 2025-11-02 21:16:18,356 basehttp "POST /accounts/signup/ HTTP/1.1" 200 4315
WARNING 2025-11-02 21:16:18,367 basehttp "GET /static/images/google-icon.png HTTP/1.1" 404 1880
INFO 2025-11-02 21:16:46,695 basehttp "GET /admin/auth/user/ HTTP/1.1" 302 0
INFO 2025-11-02 21:16:46,702 basehttp "GET /admin/login/?next=/admin/auth/user/ HTTP/1.1" 200 4319
INFO 2025-11-02 21:16:48,241 basehttp "POST /admin/login/?next=/admin/auth/user/ HTTP/1.1" 302 0
INFO 2025-11-02 21:16:48,261 basehttp "GET /admin/auth/user/ HTTP/1.1" 200 32935
INFO 2025-11-02 21:16:48,273 basehttp "GET /admin/jsi18n/ HTTP/1.1" 200 3342
INFO 2025-11-02 21:16:52,644 basehttp "GET /admin/auth/user/23/change/ HTTP/1.1" 200 44587
INFO 2025-11-02 21:16:52,660 basehttp "GET /static/admin/js/calendar.js HTTP/1.1" 200 9141
INFO 2025-11-02 21:16:52,662 basehttp "GET /static/admin/css/forms.css HTTP/1.1" 200 8525
INFO 2025-11-02 21:16:52,663 basehttp "GET /static/admin/js/admin/DateTimeShortcuts.js HTTP/1.1" 200 19319
INFO 2025-11-02 21:16:52,666 basehttp "GET /static/admin/js/SelectBox.js HTTP/1.1" 200 4530
INFO 2025-11-02 21:16:52,666 basehttp "GET /static/admin/js/prepopulate_init.js HTTP/1.1" 200 586
INFO 2025-11-02 21:16:52,669 basehttp "GET /admin/jsi18n/ HTTP/1.1" 200 3342
INFO 2025-11-02 21:16:52,671 basehttp "GET /static/admin/css/widgets.css HTTP/1.1" 200 11991
INFO 2025-11-02 21:16:52,671 basehttp "GET /static/admin/js/SelectFilter2.js HTTP/1.1" 200 15845
INFO 2025-11-02 21:16:52,677 basehttp "GET /static/admin/js/change_form.js HTTP/1.1" 200 606
INFO 2025-11-02 21:16:52,710 basehttp "GET /static/admin/img/icon-calendar.svg HTTP/1.1" 200 1086
INFO 2025-11-02 21:16:52,710 basehttp "GET /static/admin/img/icon-clock.svg HTTP/1.1" 200 677
INFO 2025-11-02 21:16:52,710 basehttp "GET /static/admin/img/selector-icons.svg HTTP/1.1" 200 3291
INFO 2025-11-02 21:16:55,345 basehttp "GET /admin/auth/user/23/delete/ HTTP/1.1" 200 21734
INFO 2025-11-02 21:16:55,353 basehttp "GET /static/admin/js/cancel.js HTTP/1.1" 200 884
INFO 2025-11-02 21:16:56,996 basehttp "POST /admin/auth/user/23/delete/ HTTP/1.1" 302 0
INFO 2025-11-02 21:16:57,015 basehttp "GET /admin/auth/user/ HTTP/1.1" 200 32627
INFO 2025-11-02 21:16:57,026 basehttp "GET /admin/jsi18n/ HTTP/1.1" 200 3342
WARNING 2025-11-02 21:17:01,983 log Forbidden (CSRF token from POST incorrect.): /accounts/signup/
WARNING 2025-11-02 21:17:01,984 basehttp "POST /accounts/signup/ HTTP/1.1" 403 2503
INFO 2025-11-02 21:17:06,946 basehttp "GET /about/ HTTP/1.1" 200 2923
INFO 2025-11-02 21:17:07,845 basehttp "GET /sign/ HTTP/1.1" 200 9391
INFO 2025-11-02 21:17:08,964 basehttp "POST /accounts/logout/ HTTP/1.1" 302 0
INFO 2025-11-02 21:17:08,970 basehttp "GET /accounts/login/ HTTP/1.1" 200 4312
WARNING 2025-11-02 21:17:08,979 basehttp "GET /static/images/google-icon.png HTTP/1.1" 404 1880
INFO 2025-11-02 21:17:10,543 basehttp "GET /accounts/signup/ HTTP/1.1" 200 4315
WARNING 2025-11-02 21:17:10,555 basehttp "GET /static/images/google-icon.png HTTP/1.1" 404 1880
INFO 2025-11-02 21:17:21,257 basehttp "POST /accounts/signup/ HTTP/1.1" 302 0
INFO 2025-11-02 21:17:21,273 basehttp "GET /accounts/confirm-email/ HTTP/1.1" 200 1585
INFO 2025-11-02 21:18:07,674 basehttp "GET /accounts/confirm-email/MjM:1vFcdk:sN0NK_n8wzstlWpiCM945x4zgnNiJOJTmZxoiASmH1M/ HTTP/1.1" 200 1676
INFO 2025-11-02 21:18:09,112 basehttp "POST /accounts/confirm-email/MjM:1vFceV:_I_zPU8FO2Jy8cyK6SA8NitQL6WcclTPPBbjnaN5m3k/ HTTP/1.1" 302 0
INFO 2025-11-02 21:18:09,119 basehttp "GET /accounts/login/ HTTP/1.1" 200 4312
WARNING 2025-11-02 21:18:09,136 basehttp "GET /static/images/google-icon.png HTTP/1.1" 404 1880
INFO 2025-11-02 21:18:11,300 basehttp "POST /accounts/login/ HTTP/1.1" 302 0
INFO 2025-11-02 21:18:11,307 basehttp "GET /sign/ HTTP/1.1" 200 9801
INFO 2025-11-02 21:18:17,472 basehttp "GET /sign/upgrade/ HTTP/1.1" 302 0
INFO 2025-11-02 21:18:17,478 basehttp "GET /sign/ HTTP/1.1" 200 9335
INFO 2025-11-02 21:18:18,553 basehttp "GET /posts/create/ HTTP/1.1" 200 6203
INFO 2025-11-02 21:18:31,271 basehttp "POST /posts/create/ HTTP/1.1" 200 6539
INFO 2025-11-02 21:18:34,391 basehttp "POST /posts/create/ HTTP/1.1" 302 0
INFO 2025-11-02 21:18:34,400 basehttp "GET /sign/ HTTP/1.1" 200 9335
